Rocky Linux 8 - AppStream                       8.1 MB/s |  11 MB     00:01    
Rocky Linux 8 - BaseOS                          6.9 MB/s | 9.0 MB     00:01    
Rocky Linux 8 - Extras                           17 kB/s |  12 kB     00:00    
Dependencies resolved.
================================================================================
 Package               Architecture    Version            Repository       Size
================================================================================
Installing:
 epel-release          noarch          8-17.el8           extras           24 k

Transaction Summary
================================================================================
Install  1 Package

Total download size: 24 k
Installed size: 34 k
Downloading Packages:
epel-release-8-17.el8.noarch.rpm                129 kB/s |  24 kB     00:00    
--------------------------------------------------------------------------------
Total                                            57 kB/s |  24 kB     00:00     
Rocky Linux 8 - Extras                          319 kB/s | 1.6 kB     00:00    
Importing GPG key 0x6D745A60:
 Userid     : "Release Engineering <infrastructure@rockylinux.org>"
 Fingerprint: 7051 C470 A929 F454 CEBE 37B7 15AF 5DAC 6D74 5A60
 From       : /etc/pki/rpm-gpg/RPM-GPG-KEY-rockyofficial
Key imported successfully
Running transaction check
Transaction check succeeded.
Running transaction test
Transaction test succeeded.
Running transaction
  Preparing        :                                                        1/1 
  Installing       : epel-release-8-17.el8.noarch                           1/1 
  Running scriptlet: epel-release-8-17.el8.noarch                           1/1 
Many EPEL packages require the CodeReady Builder (CRB) repository.
It is recommended that you run /usr/bin/crb enable to enable the CRB repository.

  Verifying        : epel-release-8-17.el8.noarch                           1/1 

Installed:
  epel-release-8-17.el8.noarch                                                  

Complete!
Enabling CRB repo
CRB repo is enabled and named: powertools
Rocky Linux 8 - PowerTools                      2.5 MB/s | 2.9 MB     00:01    
Extra Packages for Enterprise Linux 8 - x86_64  1.7 MB/s |  13 MB     00:07    
Extra Packages for Enterprise Linux Modular 8 - 645 kB/s | 733 kB     00:01    
Dependencies resolved.
================================================================================
 Package         Arch   Version                                 Repo       Size
================================================================================
Installing:
 httpd           x86_64 2.4.37-47.module+el8.6.0+985+b8ff6398.2 appstream 1.4 M
 iftop           x86_64 1.0-0.21.pre4.el8                       epel       59 k
 iperf3          x86_64 3.5-6.el8                               appstream  99 k
 iproute-tc      x86_64 5.15.0-4.el8_6.1                        baseos    463 k
 net-tools       x86_64 2.0-0.52.20160912git.el8                baseos    321 k
 pciutils        x86_64 3.7.0-1.el8                             baseos    104 k
 tcpdump         x86_64 14:4.9.3-3.el8                          appstream 452 k
 vim-enhanced    x86_64 2:8.0.1763-19.el8_6.4                   appstream 1.4 M
Upgrading:
 iproute         x86_64 5.15.0-4.el8_6.1                        baseos    797 k
Installing dependencies:
 apr             x86_64 1.6.3-12.el8                            appstream 128 k
 apr-util        x86_64 1.6.1-6.el8.1                           appstream 104 k
 gpm-libs        x86_64 1.20.7-17.el8                           appstream  38 k
 httpd-filesystem
                 noarch 2.4.37-47.module+el8.6.0+985+b8ff6398.2 appstream  40 k
 httpd-tools     x86_64 2.4.37-47.module+el8.6.0+985+b8ff6398.2 appstream 107 k
 iptables-libs   x86_64 1.8.4-22.el8                            baseos    106 k
 libibverbs      x86_64 37.2-1.el8                              baseos    384 k
 libpcap         x86_64 14:1.9.1-5.el8                          baseos    168 k
 lksctp-tools    x86_64 1.0.18-3.el8                            baseos     98 k
 mailcap         noarch 2.1.48-3.el8                            baseos     38 k
 mod_http2       x86_64 1.15.7-5.module+el8.6.0+823+f143cee1    appstream 153 k
 rocky-logos-httpd
                 noarch 86.2-1.el8                              baseos     24 k
 vim-common      x86_64 2:8.0.1763-19.el8_6.4                   appstream 6.3 M
 vim-filesystem  noarch 2:8.0.1763-19.el8_6.4                   appstream  49 k
Installing weak dependencies:
 apr-util-bdb    x86_64 1.6.1-6.el8.1                           appstream  23 k
 apr-util-openssl
                 x86_64 1.6.1-6.el8.1                           appstream  26 k
Enabling module streams:
 httpd                  2.4                                                    

Transaction Summary
================================================================================
Install  24 Packages
Upgrade   1 Package

Total download size: 13 M
Downloading Packages:
[MIRROR] apr-1.6.3-12.el8.x86_64.rpm: Curl error (7): Couldn't connect to server for http://mirror.siena.edu/rocky/8.6/AppStream/x86_64/os/Packages/a/apr-1.6.3-12.el8.x86_64.rpm [Failed to connect to mirror.siena.edu port 80: No route to host]
[MIRROR] apr-util-1.6.1-6.el8.1.x86_64.rpm: Curl error (7): Couldn't connect to server for http://mirror.siena.edu/rocky/8.6/AppStream/x86_64/os/Packages/a/apr-util-1.6.1-6.el8.1.x86_64.rpm [Failed to connect to mirror.siena.edu port 80: No route to host]
[MIRROR] apr-util-bdb-1.6.1-6.el8.1.x86_64.rpm: Curl error (7): Couldn't connect to server for http://mirror.siena.edu/rocky/8.6/AppStream/x86_64/os/Packages/a/apr-util-bdb-1.6.1-6.el8.1.x86_64.rpm [Failed to connect to mirror.siena.edu port 80: No route to host]
(1/25): apr-util-bdb-1.6.1-6.el8.1.x86_64.rpm   6.7 kB/s |  23 kB     00:03    
(2/25): apr-util-1.6.1-6.el8.1.x86_64.rpm        29 kB/s | 104 kB     00:03    
(3/25): apr-util-openssl-1.6.1-6.el8.1.x86_64.r 595 kB/s |  26 kB     00:00    
(4/25): apr-1.6.3-12.el8.x86_64.rpm              36 kB/s | 128 kB     00:03    
(5/25): gpm-libs-1.20.7-17.el8.x86_64.rpm       612 kB/s |  38 kB     00:00    
(6/25): httpd-filesystem-2.4.37-47.module+el8.6 806 kB/s |  40 kB     00:00    
(7/25): httpd-tools-2.4.37-47.module+el8.6.0+98 1.7 MB/s | 107 kB     00:00    
(8/25): iperf3-3.5-6.el8.x86_64.rpm             1.4 MB/s |  99 kB     00:00    
(9/25): mod_http2-1.15.7-5.module+el8.6.0+823+f 1.8 MB/s | 153 kB     00:00    
(10/25): httpd-2.4.37-47.module+el8.6.0+985+b8f 5.3 MB/s | 1.4 MB     00:00    
(11/25): tcpdump-4.9.3-3.el8.x86_64.rpm         2.8 MB/s | 452 kB     00:00    
(12/25): vim-enhanced-8.0.1763-19.el8_6.4.x86_6  16 MB/s | 1.4 MB     00:00    
(13/25): vim-filesystem-8.0.1763-19.el8_6.4.noa 1.0 MB/s |  49 kB     00:00    
(14/25): vim-common-8.0.1763-19.el8_6.4.x86_64.  18 MB/s | 6.3 MB     00:00    
[MIRROR] iproute-tc-5.15.0-4.el8_6.1.x86_64.rpm: Curl error (7): Couldn't connect to server for http://distro.ibiblio.org/rocky/8.6/BaseOS/x86_64/os/Packages/i/iproute-tc-5.15.0-4.el8_6.1.x86_64.rpm [Failed to connect to distro.ibiblio.org port 80: No route to host]
[MIRROR] iptables-libs-1.8.4-22.el8.x86_64.rpm: Curl error (7): Couldn't connect to server for http://distro.ibiblio.org/rocky/8.6/BaseOS/x86_64/os/Packages/i/iptables-libs-1.8.4-22.el8.x86_64.rpm [Failed to connect to distro.ibiblio.org port 80: No route to host]
[MIRROR] libibverbs-37.2-1.el8.x86_64.rpm: Curl error (7): Couldn't connect to server for http://distro.ibiblio.org/rocky/8.6/BaseOS/x86_64/os/Packages/l/libibverbs-37.2-1.el8.x86_64.rpm [Failed to connect to distro.ibiblio.org port 80: No route to host]
(15/25): iptables-libs-1.8.4-22.el8.x86_64.rpm   43 kB/s | 106 kB     00:02    
(16/25): libibverbs-37.2-1.el8.x86_64.rpm       170 kB/s | 384 kB     00:02    
(17/25): iproute-tc-5.15.0-4.el8_6.1.x86_64.rpm 187 kB/s | 463 kB     00:02    
(18/25): libpcap-1.9.1-5.el8.x86_64.rpm         2.8 MB/s | 168 kB     00:00    
(19/25): lksctp-tools-1.0.18-3.el8.x86_64.rpm   1.7 MB/s |  98 kB     00:00    
(20/25): mailcap-2.1.48-3.el8.noarch.rpm        851 kB/s |  38 kB     00:00    
(21/25): net-tools-2.0-0.52.20160912git.el8.x86 3.4 MB/s | 321 kB     00:00    
(22/25): rocky-logos-httpd-86.2-1.el8.noarch.rp 294 kB/s |  24 kB     00:00    
(23/25): pciutils-3.7.0-1.el8.x86_64.rpm        1.1 MB/s | 104 kB     00:00    
(24/25): iproute-5.15.0-4.el8_6.1.x86_64.rpm    8.1 MB/s | 797 kB     00:00    
(25/25): iftop-1.0-0.21.pre4.el8.x86_64.rpm      98 kB/s |  59 kB     00:00    
--------------------------------------------------------------------------------
Total                                           1.6 MB/s |  13 MB     00:07     
Extra Packages for Enterprise Linux 8 - x86_64  1.6 MB/s | 1.6 kB     00:00    
Importing GPG key 0x2F86D6A1:
 Userid     : "Fedora EPEL (8) <epel@fedoraproject.org>"
 Fingerprint: 94E2 79EB 8D8F 25B2 1810 ADF1 21EA 45AB 2F86 D6A1
 From       : /etc/pki/rpm-gpg/RPM-GPG-KEY-EPEL-8
Key imported successfully
Running transaction check
Transaction check succeeded.
Running transaction test
Transaction test succeeded.
Running transaction
  Preparing        :                                                        1/1 
  Installing       : apr-1.6.3-12.el8.x86_64                               1/26 
  Running scriptlet: apr-1.6.3-12.el8.x86_64                               1/26 
  Installing       : apr-util-bdb-1.6.1-6.el8.1.x86_64                     2/26 
  Installing       : apr-util-openssl-1.6.1-6.el8.1.x86_64                 3/26 
  Installing       : apr-util-1.6.1-6.el8.1.x86_64                         4/26 
  Running scriptlet: apr-util-1.6.1-6.el8.1.x86_64                         4/26 
  Installing       : httpd-tools-2.4.37-47.module+el8.6.0+985+b8ff6398.    5/26 
  Upgrading        : iproute-5.15.0-4.el8_6.1.x86_64                       6/26 
  Installing       : rocky-logos-httpd-86.2-1.el8.noarch                   7/26 
  Installing       : mailcap-2.1.48-3.el8.noarch                           8/26 
  Installing       : lksctp-tools-1.0.18-3.el8.x86_64                      9/26 
  Running scriptlet: lksctp-tools-1.0.18-3.el8.x86_64                      9/26 
  Installing       : libibverbs-37.2-1.el8.x86_64                         10/26 
  Running scriptlet: libibverbs-37.2-1.el8.x86_64                         10/26 
  Installing       : libpcap-14:1.9.1-5.el8.x86_64                        11/26 
  Installing       : iptables-libs-1.8.4-22.el8.x86_64                    12/26 
  Installing       : vim-filesystem-2:8.0.1763-19.el8_6.4.noarch          13/26 
  Installing       : vim-common-2:8.0.1763-19.el8_6.4.x86_64              14/26 
  Running scriptlet: httpd-filesystem-2.4.37-47.module+el8.6.0+985+b8ff   15/26 
  Installing       : httpd-filesystem-2.4.37-47.module+el8.6.0+985+b8ff   15/26 
  Installing       : mod_http2-1.15.7-5.module+el8.6.0+823+f143cee1.x86   16/26 
  Installing       : httpd-2.4.37-47.module+el8.6.0+985+b8ff6398.2.x86_   17/26 
  Running scriptlet: httpd-2.4.37-47.module+el8.6.0+985+b8ff6398.2.x86_   17/26 
  Installing       : gpm-libs-1.20.7-17.el8.x86_64                        18/26 
  Running scriptlet: gpm-libs-1.20.7-17.el8.x86_64                        18/26 
  Installing       : vim-enhanced-2:8.0.1763-19.el8_6.4.x86_64            19/26 
  Installing       : iproute-tc-5.15.0-4.el8_6.1.x86_64                   20/26 
  Running scriptlet: tcpdump-14:4.9.3-3.el8.x86_64                        21/26 
  Installing       : tcpdump-14:4.9.3-3.el8.x86_64                        21/26 
  Installing       : iftop-1.0-0.21.pre4.el8.x86_64                       22/26 
  Installing       : iperf3-3.5-6.el8.x86_64                              23/26 
  Running scriptlet: iperf3-3.5-6.el8.x86_64                              23/26 
  Installing       : pciutils-3.7.0-1.el8.x86_64                          24/26 
  Installing       : net-tools-2.0-0.52.20160912git.el8.x86_64            25/26 
  Running scriptlet: net-tools-2.0-0.52.20160912git.el8.x86_64            25/26 
  Cleanup          : iproute-5.12.0-4.el8.x86_64                          26/26 
  Running scriptlet: httpd-2.4.37-47.module+el8.6.0+985+b8ff6398.2.x86_   26/26 
  Running scriptlet: iproute-5.12.0-4.el8.x86_64                          26/26 
  Running scriptlet: vim-common-2:8.0.1763-19.el8_6.4.x86_64              26/26 
  Verifying        : apr-1.6.3-12.el8.x86_64                               1/26 
  Verifying        : apr-util-1.6.1-6.el8.1.x86_64                         2/26 
  Verifying        : apr-util-bdb-1.6.1-6.el8.1.x86_64                     3/26 
  Verifying        : apr-util-openssl-1.6.1-6.el8.1.x86_64                 4/26 
  Verifying        : gpm-libs-1.20.7-17.el8.x86_64                         5/26 
  Verifying        : httpd-2.4.37-47.module+el8.6.0+985+b8ff6398.2.x86_    6/26 
  Verifying        : httpd-filesystem-2.4.37-47.module+el8.6.0+985+b8ff    7/26 
  Verifying        : httpd-tools-2.4.37-47.module+el8.6.0+985+b8ff6398.    8/26 
  Verifying        : iperf3-3.5-6.el8.x86_64                               9/26 
  Verifying        : mod_http2-1.15.7-5.module+el8.6.0+823+f143cee1.x86   10/26 
  Verifying        : tcpdump-14:4.9.3-3.el8.x86_64                        11/26 
  Verifying        : vim-common-2:8.0.1763-19.el8_6.4.x86_64              12/26 
  Verifying        : vim-enhanced-2:8.0.1763-19.el8_6.4.x86_64            13/26 
  Verifying        : vim-filesystem-2:8.0.1763-19.el8_6.4.noarch          14/26 
  Verifying        : iproute-tc-5.15.0-4.el8_6.1.x86_64                   15/26 
  Verifying        : iptables-libs-1.8.4-22.el8.x86_64                    16/26 
  Verifying        : libibverbs-37.2-1.el8.x86_64                         17/26 
  Verifying        : libpcap-14:1.9.1-5.el8.x86_64                        18/26 
  Verifying        : lksctp-tools-1.0.18-3.el8.x86_64                     19/26 
  Verifying        : mailcap-2.1.48-3.el8.noarch                          20/26 
  Verifying        : net-tools-2.0-0.52.20160912git.el8.x86_64            21/26 
  Verifying        : pciutils-3.7.0-1.el8.x86_64                          22/26 
  Verifying        : rocky-logos-httpd-86.2-1.el8.noarch                  23/26 
  Verifying        : iftop-1.0-0.21.pre4.el8.x86_64                       24/26 
  Verifying        : iproute-5.15.0-4.el8_6.1.x86_64                      25/26 
  Verifying        : iproute-5.12.0-4.el8.x86_64                          26/26 

Upgraded:
  iproute-5.15.0-4.el8_6.1.x86_64                                               
Installed:
  apr-1.6.3-12.el8.x86_64                                                       
  apr-util-1.6.1-6.el8.1.x86_64                                                 
  apr-util-bdb-1.6.1-6.el8.1.x86_64                                             
  apr-util-openssl-1.6.1-6.el8.1.x86_64                                         
  gpm-libs-1.20.7-17.el8.x86_64                                                 
  httpd-2.4.37-47.module+el8.6.0+985+b8ff6398.2.x86_64                          
  httpd-filesystem-2.4.37-47.module+el8.6.0+985+b8ff6398.2.noarch               
  httpd-tools-2.4.37-47.module+el8.6.0+985+b8ff6398.2.x86_64                    
  iftop-1.0-0.21.pre4.el8.x86_64                                                
  iperf3-3.5-6.el8.x86_64                                                       
  iproute-tc-5.15.0-4.el8_6.1.x86_64                                            
  iptables-libs-1.8.4-22.el8.x86_64                                             
  libibverbs-37.2-1.el8.x86_64                                                  
  libpcap-14:1.9.1-5.el8.x86_64                                                 
  lksctp-tools-1.0.18-3.el8.x86_64                                              
  mailcap-2.1.48-3.el8.noarch                                                   
  mod_http2-1.15.7-5.module+el8.6.0+823+f143cee1.x86_64                         
  net-tools-2.0-0.52.20160912git.el8.x86_64                                     
  pciutils-3.7.0-1.el8.x86_64                                                   
  rocky-logos-httpd-86.2-1.el8.noarch                                           
  tcpdump-14:4.9.3-3.el8.x86_64                                                 
  vim-common-2:8.0.1763-19.el8_6.4.x86_64                                       
  vim-enhanced-2:8.0.1763-19.el8_6.4.x86_64                                     
  vim-filesystem-2:8.0.1763-19.el8_6.4.noarch                                   

Complete!
dev
Last metadata expiration check: 0:00:21 ago on Wed 09 Nov 2022 08:20:06 PM UTC.
Package iproute-tc-5.15.0-4.el8_6.1.x86_64 is already installed.
Dependencies resolved.
Nothing to do.
Complete!
* Applying /usr/lib/sysctl.d/10-default-yama-scope.conf ...
kernel.yama.ptrace_scope = 0
* Applying /usr/lib/sysctl.d/50-coredump.conf ...
kernel.core_pattern = |/usr/lib/systemd/systemd-coredump %P %u %g %s %t %c %h %e
kernel.core_pipe_limit = 16
* Applying /usr/lib/sysctl.d/50-default.conf ...
kernel.sysrq = 16
kernel.core_uses_pid = 1
kernel.kptr_restrict = 1
net.ipv4.conf.all.rp_filter = 1
net.ipv4.conf.all.accept_source_route = 0
net.ipv4.conf.all.promote_secondaries = 1
net.core.default_qdisc = fq_codel
fs.protected_hardlinks = 1
fs.protected_symlinks = 1
* Applying /usr/lib/sysctl.d/50-libkcapi-optmem_max.conf ...
net.core.optmem_max = 81920
* Applying /usr/lib/sysctl.d/50-pid-max.conf ...
kernel.pid_max = 4194304
* Applying /etc/sysctl.d/99-sysctl.conf ...
net.core.rmem_max = 536870912
net.core.wmem_max = 536870912
net.ipv4.tcp_rmem = 4096 87380 536870912
net.ipv4.tcp_wmem = 4096 65536 536870912
net.ipv4.tcp_congestion_control = bbr
net.ipv4.tcp_mtu_probing = 1
net.core.default_qdisc = fq
* Applying /etc/sysctl.conf ...
net.core.rmem_max = 536870912
net.core.wmem_max = 536870912
net.ipv4.tcp_rmem = 4096 87380 536870912
net.ipv4.tcp_wmem = 4096 65536 536870912
net.ipv4.tcp_congestion_control = bbr
net.ipv4.tcp_mtu_probing = 1
net.core.default_qdisc = fq
192.168.1.1
192.168.0.0/16
192.168.0.0
0.0.255.255
eth2:192.168.101.0/24 eth1:192.168.1.0/24 eth3:192.168.102.0/24
Rocky Linux 8 - AppStream                       5.3 MB/s |  11 MB     00:02    
Rocky Linux 8 - BaseOS                          6.8 MB/s | 9.0 MB     00:01    
Rocky Linux 8 - Extras                          1.7 kB/s |  12 kB     00:06    
Dependencies resolved.
================================================================================
 Package               Architecture    Version            Repository       Size
================================================================================
Installing:
 epel-release          noarch          8-17.el8           extras           24 k

Transaction Summary
================================================================================
Install  1 Package

Total download size: 24 k
Installed size: 34 k
Downloading Packages:
epel-release-8-17.el8.noarch.rpm                 82 kB/s |  24 kB     00:00    
--------------------------------------------------------------------------------
Total                                            46 kB/s |  24 kB     00:00     
Rocky Linux 8 - Extras                          1.6 MB/s | 1.6 kB     00:00    
Importing GPG key 0x6D745A60:
 Userid     : "Release Engineering <infrastructure@rockylinux.org>"
 Fingerprint: 7051 C470 A929 F454 CEBE 37B7 15AF 5DAC 6D74 5A60
 From       : /etc/pki/rpm-gpg/RPM-GPG-KEY-rockyofficial
Key imported successfully
Running transaction check
Transaction check succeeded.
Running transaction test
Transaction test succeeded.
Running transaction
  Preparing        :                                                        1/1 
  Installing       : epel-release-8-17.el8.noarch                           1/1 
  Running scriptlet: epel-release-8-17.el8.noarch                           1/1 
Many EPEL packages require the CodeReady Builder (CRB) repository.
It is recommended that you run /usr/bin/crb enable to enable the CRB repository.

  Verifying        : epel-release-8-17.el8.noarch                           1/1 

Installed:
  epel-release-8-17.el8.noarch                                                  

Complete!
Enabling CRB repo
CRB repo is enabled and named: powertools
Rocky Linux 8 - PowerTools                      2.5 MB/s | 2.9 MB     00:01    
Extra Packages for Enterprise Linux 8 - x86_64  8.2 MB/s |  13 MB     00:01    
Extra Packages for Enterprise Linux Modular 8 -  12 kB/s | 733 kB     01:02    
Last metadata expiration check: 0:00:01 ago on Thu 10 Nov 2022 01:40:17 PM UTC.
Dependencies resolved.
================================================================================
 Package         Arch   Version                                 Repo       Size
================================================================================
Installing:
 httpd           x86_64 2.4.37-47.module+el8.6.0+985+b8ff6398.2 appstream 1.4 M
 iftop           x86_64 1.0-0.21.pre4.el8                       epel       59 k
 iperf3          x86_64 3.5-6.el8                               appstream  99 k
 iproute-tc      x86_64 5.15.0-4.el8_6.1                        baseos    463 k
 net-tools       x86_64 2.0-0.52.20160912git.el8                baseos    321 k
 pciutils        x86_64 3.7.0-1.el8                             baseos    104 k
 tcpdump         x86_64 14:4.9.3-3.el8                          appstream 452 k
 vim-enhanced    x86_64 2:8.0.1763-19.el8_6.4                   appstream 1.4 M
Upgrading:
 iproute         x86_64 5.15.0-4.el8_6.1                        baseos    797 k
Installing dependencies:
 apr             x86_64 1.6.3-12.el8                            appstream 128 k
 apr-util        x86_64 1.6.1-6.el8.1                           appstream 104 k
 gpm-libs        x86_64 1.20.7-17.el8                           appstream  38 k
 httpd-filesystem
                 noarch 2.4.37-47.module+el8.6.0+985+b8ff6398.2 appstream  40 k
 httpd-tools     x86_64 2.4.37-47.module+el8.6.0+985+b8ff6398.2 appstream 107 k
 iptables-libs   x86_64 1.8.4-22.el8                            baseos    106 k
 libibverbs      x86_64 37.2-1.el8                              baseos    384 k
 libpcap         x86_64 14:1.9.1-5.el8                          baseos    168 k
 lksctp-tools    x86_64 1.0.18-3.el8                            baseos     98 k
 mailcap         noarch 2.1.48-3.el8                            baseos     38 k
 mod_http2       x86_64 1.15.7-5.module+el8.6.0+823+f143cee1    appstream 153 k
 rocky-logos-httpd
                 noarch 86.2-1.el8                              baseos     24 k
 vim-common      x86_64 2:8.0.1763-19.el8_6.4                   appstream 6.3 M
 vim-filesystem  noarch 2:8.0.1763-19.el8_6.4                   appstream  49 k
Installing weak dependencies:
 apr-util-bdb    x86_64 1.6.1-6.el8.1                           appstream  23 k
 apr-util-openssl
                 x86_64 1.6.1-6.el8.1                           appstream  26 k
Enabling module streams:
 httpd                  2.4                                                    

Transaction Summary
================================================================================
Install  24 Packages
Upgrade   1 Package

Total download size: 13 M
Downloading Packages:
[MIRROR] apr-1.6.3-12.el8.x86_64.rpm: Curl error (7): Couldn't connect to server for http://mirror.siena.edu/rocky/8.6/AppStream/x86_64/os/Packages/a/apr-1.6.3-12.el8.x86_64.rpm [Failed to connect to mirror.siena.edu port 80: No route to host]
[MIRROR] apr-util-1.6.1-6.el8.1.x86_64.rpm: Curl error (7): Couldn't connect to server for http://mirror.siena.edu/rocky/8.6/AppStream/x86_64/os/Packages/a/apr-util-1.6.1-6.el8.1.x86_64.rpm [Failed to connect to mirror.siena.edu port 80: No route to host]
[MIRROR] apr-util-bdb-1.6.1-6.el8.1.x86_64.rpm: Curl error (7): Couldn't connect to server for http://mirror.siena.edu/rocky/8.6/AppStream/x86_64/os/Packages/a/apr-util-bdb-1.6.1-6.el8.1.x86_64.rpm [Failed to connect to mirror.siena.edu port 80: No route to host]
(1/25): apr-util-bdb-1.6.1-6.el8.1.x86_64.rpm    44 kB/s |  23 kB     00:00    
(2/25): apr-util-openssl-1.6.1-6.el8.1.x86_64.r 392 kB/s |  26 kB     00:00    
(3/25): apr-util-1.6.1-6.el8.1.x86_64.rpm       156 kB/s | 104 kB     00:00    
(4/25): apr-1.6.3-12.el8.x86_64.rpm             192 kB/s | 128 kB     00:00    
(5/25): gpm-libs-1.20.7-17.el8.x86_64.rpm       561 kB/s |  38 kB     00:00    
(6/25): httpd-filesystem-2.4.37-47.module+el8.6 600 kB/s |  40 kB     00:00    
(7/25): iperf3-3.5-6.el8.x86_64.rpm             1.4 MB/s |  99 kB     00:00    
(8/25): httpd-tools-2.4.37-47.module+el8.6.0+98 820 kB/s | 107 kB     00:00    
(9/25): mod_http2-1.15.7-5.module+el8.6.0+823+f 2.2 MB/s | 153 kB     00:00    
(10/25): httpd-2.4.37-47.module+el8.6.0+985+b8f 5.3 MB/s | 1.4 MB     00:00    
(11/25): tcpdump-4.9.3-3.el8.x86_64.rpm         3.3 MB/s | 452 kB     00:00    
(12/25): vim-filesystem-8.0.1763-19.el8_6.4.noa 745 kB/s |  49 kB     00:00    
(13/25): vim-enhanced-8.0.1763-19.el8_6.4.x86_6  17 MB/s | 1.4 MB     00:00    
(14/25): iptables-libs-1.8.4-22.el8.x86_64.rpm  438 kB/s | 106 kB     00:00    
(15/25): iproute-tc-5.15.0-4.el8_6.1.x86_64.rpm 1.3 MB/s | 463 kB     00:00    
(16/25): libibverbs-37.2-1.el8.x86_64.rpm       2.4 MB/s | 384 kB     00:00    
(17/25): vim-common-8.0.1763-19.el8_6.4.x86_64.  11 MB/s | 6.3 MB     00:00    
(18/25): libpcap-1.9.1-5.el8.x86_64.rpm         2.0 MB/s | 168 kB     00:00    
(19/25): lksctp-tools-1.0.18-3.el8.x86_64.rpm   1.8 MB/s |  98 kB     00:00    
(20/25): net-tools-2.0-0.52.20160912git.el8.x86 5.0 MB/s | 321 kB     00:00    
(21/25): pciutils-3.7.0-1.el8.x86_64.rpm        2.0 MB/s | 104 kB     00:00    
(22/25): rocky-logos-httpd-86.2-1.el8.noarch.rp 539 kB/s |  24 kB     00:00    
(23/25): mailcap-2.1.48-3.el8.noarch.rpm        291 kB/s |  38 kB     00:00    
(24/25): iproute-5.15.0-4.el8_6.1.x86_64.rpm    8.3 MB/s | 797 kB     00:00    
[MIRROR] iftop-1.0-0.21.pre4.el8.x86_64.rpm: Curl error (7): Couldn't connect to server for http://mirror.es.its.nyu.edu/epel/8/Everything/x86_64/Packages/i/iftop-1.0-0.21.pre4.el8.x86_64.rpm [Failed to connect to mirror.es.its.nyu.edu port 80: No route to host]
[MIRROR] iftop-1.0-0.21.pre4.el8.x86_64.rpm: Curl error (7): Couldn't connect to server for https://pubmirror1.math.uh.edu/fedora-buffet/epel/8/Everything/x86_64/Packages/i/iftop-1.0-0.21.pre4.el8.x86_64.rpm [Failed to connect to pubmirror1.math.uh.edu port 443: No route to host]
[MIRROR] iftop-1.0-0.21.pre4.el8.x86_64.rpm: Curl error (7): Couldn't connect to server for http://pubmirror1.math.uh.edu/fedora-buffet/epel/8/Everything/x86_64/Packages/i/iftop-1.0-0.21.pre4.el8.x86_64.rpm [Failed to connect to pubmirror1.math.uh.edu port 80: No route to host]
[MIRROR] iftop-1.0-0.21.pre4.el8.x86_64.rpm: Curl error (7): Couldn't connect to server for http://repo.ialab.dsu.edu/epel/8/Everything/x86_64/Packages/i/iftop-1.0-0.21.pre4.el8.x86_64.rpm [Failed to connect to repo.ialab.dsu.edu port 80: No route to host]
[MIRROR] iftop-1.0-0.21.pre4.el8.x86_64.rpm: Curl error (7): Couldn't connect to server for https://repo.ialab.dsu.edu/epel/8/Everything/x86_64/Packages/i/iftop-1.0-0.21.pre4.el8.x86_64.rpm [Failed to connect to repo.ialab.dsu.edu port 443: No route to host]
[MIRROR] iftop-1.0-0.21.pre4.el8.x86_64.rpm: Curl error (7): Couldn't connect to server for http://mirror.arizona.edu/fedora-epel/8/Everything/x86_64/Packages/i/iftop-1.0-0.21.pre4.el8.x86_64.rpm [Failed to connect to mirror.arizona.edu port 80: No route to host]
[MIRROR] iftop-1.0-0.21.pre4.el8.x86_64.rpm: Curl error (7): Couldn't connect to server for https://mirror.arizona.edu/fedora-epel/8/Everything/x86_64/Packages/i/iftop-1.0-0.21.pre4.el8.x86_64.rpm [Failed to connect to mirror.arizona.edu port 443: No route to host]
(25/25): iftop-1.0-0.21.pre4.el8.x86_64.rpm     2.7 kB/s |  59 kB     00:22    
--------------------------------------------------------------------------------
Total                                           536 kB/s |  13 MB     00:24     
Extra Packages for Enterprise Linux 8 - x86_64  1.6 MB/s | 1.6 kB     00:00    
Importing GPG key 0x2F86D6A1:
 Userid     : "Fedora EPEL (8) <epel@fedoraproject.org>"
 Fingerprint: 94E2 79EB 8D8F 25B2 1810 ADF1 21EA 45AB 2F86 D6A1
 From       : /etc/pki/rpm-gpg/RPM-GPG-KEY-EPEL-8
Key imported successfully
Running transaction check
Transaction check succeeded.
Running transaction test
Transaction test succeeded.
Running transaction
  Preparing        :                                                        1/1 
  Installing       : apr-1.6.3-12.el8.x86_64                               1/26 
  Running scriptlet: apr-1.6.3-12.el8.x86_64                               1/26 
  Installing       : apr-util-bdb-1.6.1-6.el8.1.x86_64                     2/26 
  Installing       : apr-util-openssl-1.6.1-6.el8.1.x86_64                 3/26 
  Installing       : apr-util-1.6.1-6.el8.1.x86_64                         4/26 
  Running scriptlet: apr-util-1.6.1-6.el8.1.x86_64                         4/26 
  Installing       : httpd-tools-2.4.37-47.module+el8.6.0+985+b8ff6398.    5/26 
  Upgrading        : iproute-5.15.0-4.el8_6.1.x86_64                       6/26 
  Installing       : rocky-logos-httpd-86.2-1.el8.noarch                   7/26 
  Installing       : mailcap-2.1.48-3.el8.noarch                           8/26 
  Installing       : lksctp-tools-1.0.18-3.el8.x86_64                      9/26 
  Running scriptlet: lksctp-tools-1.0.18-3.el8.x86_64                      9/26 
  Installing       : libibverbs-37.2-1.el8.x86_64                         10/26 
  Running scriptlet: libibverbs-37.2-1.el8.x86_64                         10/26 
  Installing       : libpcap-14:1.9.1-5.el8.x86_64                        11/26 
  Installing       : iptables-libs-1.8.4-22.el8.x86_64                    12/26 
  Installing       : vim-filesystem-2:8.0.1763-19.el8_6.4.noarch          13/26 
  Installing       : vim-common-2:8.0.1763-19.el8_6.4.x86_64              14/26 
  Running scriptlet: httpd-filesystem-2.4.37-47.module+el8.6.0+985+b8ff   15/26 
  Installing       : httpd-filesystem-2.4.37-47.module+el8.6.0+985+b8ff   15/26 
  Installing       : mod_http2-1.15.7-5.module+el8.6.0+823+f143cee1.x86   16/26 
  Installing       : httpd-2.4.37-47.module+el8.6.0+985+b8ff6398.2.x86_   17/26 
  Running scriptlet: httpd-2.4.37-47.module+el8.6.0+985+b8ff6398.2.x86_   17/26 
  Installing       : gpm-libs-1.20.7-17.el8.x86_64                        18/26 
  Running scriptlet: gpm-libs-1.20.7-17.el8.x86_64                        18/26 
  Installing       : vim-enhanced-2:8.0.1763-19.el8_6.4.x86_64            19/26 
  Installing       : iproute-tc-5.15.0-4.el8_6.1.x86_64                   20/26 
  Running scriptlet: tcpdump-14:4.9.3-3.el8.x86_64                        21/26 
  Installing       : tcpdump-14:4.9.3-3.el8.x86_64                        21/26 
  Installing       : iftop-1.0-0.21.pre4.el8.x86_64                       22/26 
  Installing       : iperf3-3.5-6.el8.x86_64                              23/26 
  Running scriptlet: iperf3-3.5-6.el8.x86_64                              23/26 
  Installing       : pciutils-3.7.0-1.el8.x86_64                          24/26 
  Installing       : net-tools-2.0-0.52.20160912git.el8.x86_64            25/26 
  Running scriptlet: net-tools-2.0-0.52.20160912git.el8.x86_64            25/26 
  Cleanup          : iproute-5.12.0-4.el8.x86_64                          26/26 
  Running scriptlet: httpd-2.4.37-47.module+el8.6.0+985+b8ff6398.2.x86_   26/26 
  Running scriptlet: iproute-5.12.0-4.el8.x86_64                          26/26 
  Running scriptlet: vim-common-2:8.0.1763-19.el8_6.4.x86_64              26/26 
  Verifying        : apr-1.6.3-12.el8.x86_64                               1/26 
  Verifying        : apr-util-1.6.1-6.el8.1.x86_64                         2/26 
  Verifying        : apr-util-bdb-1.6.1-6.el8.1.x86_64                     3/26 
  Verifying        : apr-util-openssl-1.6.1-6.el8.1.x86_64                 4/26 
  Verifying        : gpm-libs-1.20.7-17.el8.x86_64                         5/26 
  Verifying        : httpd-2.4.37-47.module+el8.6.0+985+b8ff6398.2.x86_    6/26 
  Verifying        : httpd-filesystem-2.4.37-47.module+el8.6.0+985+b8ff    7/26 
  Verifying        : httpd-tools-2.4.37-47.module+el8.6.0+985+b8ff6398.    8/26 
  Verifying        : iperf3-3.5-6.el8.x86_64                               9/26 
  Verifying        : mod_http2-1.15.7-5.module+el8.6.0+823+f143cee1.x86   10/26 
  Verifying        : tcpdump-14:4.9.3-3.el8.x86_64                        11/26 
  Verifying        : vim-common-2:8.0.1763-19.el8_6.4.x86_64              12/26 
  Verifying        : vim-enhanced-2:8.0.1763-19.el8_6.4.x86_64            13/26 
  Verifying        : vim-filesystem-2:8.0.1763-19.el8_6.4.noarch          14/26 
  Verifying        : iproute-tc-5.15.0-4.el8_6.1.x86_64                   15/26 
  Verifying        : iptables-libs-1.8.4-22.el8.x86_64                    16/26 
  Verifying        : libibverbs-37.2-1.el8.x86_64                         17/26 
  Verifying        : libpcap-14:1.9.1-5.el8.x86_64                        18/26 
  Verifying        : lksctp-tools-1.0.18-3.el8.x86_64                     19/26 
  Verifying        : mailcap-2.1.48-3.el8.noarch                          20/26 
  Verifying        : net-tools-2.0-0.52.20160912git.el8.x86_64            21/26 
  Verifying        : pciutils-3.7.0-1.el8.x86_64                          22/26 
  Verifying        : rocky-logos-httpd-86.2-1.el8.noarch                  23/26 
  Verifying        : iftop-1.0-0.21.pre4.el8.x86_64                       24/26 
  Verifying        : iproute-5.15.0-4.el8_6.1.x86_64                      25/26 
  Verifying        : iproute-5.12.0-4.el8.x86_64                          26/26 

Upgraded:
  iproute-5.15.0-4.el8_6.1.x86_64                                               
Installed:
  apr-1.6.3-12.el8.x86_64                                                       
  apr-util-1.6.1-6.el8.1.x86_64                                                 
  apr-util-bdb-1.6.1-6.el8.1.x86_64                                             
  apr-util-openssl-1.6.1-6.el8.1.x86_64                                         
  gpm-libs-1.20.7-17.el8.x86_64                                                 
  httpd-2.4.37-47.module+el8.6.0+985+b8ff6398.2.x86_64                          
  httpd-filesystem-2.4.37-47.module+el8.6.0+985+b8ff6398.2.noarch               
  httpd-tools-2.4.37-47.module+el8.6.0+985+b8ff6398.2.x86_64                    
  iftop-1.0-0.21.pre4.el8.x86_64                                                
  iperf3-3.5-6.el8.x86_64                                                       
  iproute-tc-5.15.0-4.el8_6.1.x86_64                                            
  iptables-libs-1.8.4-22.el8.x86_64                                             
  libibverbs-37.2-1.el8.x86_64                                                  
  libpcap-14:1.9.1-5.el8.x86_64                                                 
  lksctp-tools-1.0.18-3.el8.x86_64                                              
  mailcap-2.1.48-3.el8.noarch                                                   
  mod_http2-1.15.7-5.module+el8.6.0+823+f143cee1.x86_64                         
  net-tools-2.0-0.52.20160912git.el8.x86_64                                     
  pciutils-3.7.0-1.el8.x86_64                                                   
  rocky-logos-httpd-86.2-1.el8.noarch                                           
  tcpdump-14:4.9.3-3.el8.x86_64                                                 
  vim-common-2:8.0.1763-19.el8_6.4.x86_64                                       
  vim-enhanced-2:8.0.1763-19.el8_6.4.x86_64                                     
  vim-filesystem-2:8.0.1763-19.el8_6.4.noarch                                   

Complete!
dev
Last metadata expiration check: 0:00:55 ago on Thu 10 Nov 2022 01:40:17 PM UTC.
Package iproute-tc-5.15.0-4.el8_6.1.x86_64 is already installed.
Dependencies resolved.
Nothing to do.
Complete!
* Applying /usr/lib/sysctl.d/10-default-yama-scope.conf ...
kernel.yama.ptrace_scope = 0
* Applying /usr/lib/sysctl.d/50-coredump.conf ...
kernel.core_pattern = |/usr/lib/systemd/systemd-coredump %P %u %g %s %t %c %h %e
kernel.core_pipe_limit = 16
* Applying /usr/lib/sysctl.d/50-default.conf ...
kernel.sysrq = 16
kernel.core_uses_pid = 1
kernel.kptr_restrict = 1
net.ipv4.conf.all.rp_filter = 1
net.ipv4.conf.all.accept_source_route = 0
net.ipv4.conf.all.promote_secondaries = 1
net.core.default_qdisc = fq_codel
fs.protected_hardlinks = 1
fs.protected_symlinks = 1
* Applying /usr/lib/sysctl.d/50-libkcapi-optmem_max.conf ...
net.core.optmem_max = 81920
* Applying /usr/lib/sysctl.d/50-pid-max.conf ...
kernel.pid_max = 4194304
* Applying /etc/sysctl.d/99-sysctl.conf ...
net.core.rmem_max = 536870912
net.core.wmem_max = 536870912
net.ipv4.tcp_rmem = 4096 87380 536870912
net.ipv4.tcp_wmem = 4096 65536 536870912
net.ipv4.tcp_congestion_control = bbr
net.ipv4.tcp_mtu_probing = 1
net.core.default_qdisc = fq
* Applying /etc/sysctl.conf ...
net.core.rmem_max = 536870912
net.core.wmem_max = 536870912
net.ipv4.tcp_rmem = 4096 87380 536870912
net.ipv4.tcp_wmem = 4096 65536 536870912
net.ipv4.tcp_congestion_control = bbr
net.ipv4.tcp_mtu_probing = 1
net.core.default_qdisc = fq
192.168.1.1
192.168.0.0/16
192.168.0.0
0.0.255.255
eth1:192.168.100.0/24 eth2:192.168.1.0/24 eth3:192.168.101.0/24
Rocky Linux 8 - AppStream                        11 MB/s |  11 MB     00:01    
Rocky Linux 8 - BaseOS                          1.3 MB/s | 9.0 MB     00:07    
Rocky Linux 8 - Extras                           17 kB/s |  12 kB     00:00    
Dependencies resolved.
================================================================================
 Package               Architecture    Version            Repository       Size
================================================================================
Installing:
 epel-release          noarch          8-17.el8           extras           24 k

Transaction Summary
================================================================================
Install  1 Package

Total download size: 24 k
Installed size: 34 k
Downloading Packages:
epel-release-8-17.el8.noarch.rpm                 82 kB/s |  24 kB     00:00    
--------------------------------------------------------------------------------
Total                                            45 kB/s |  24 kB     00:00     
Rocky Linux 8 - Extras                          1.6 MB/s | 1.6 kB     00:00    
Importing GPG key 0x6D745A60:
 Userid     : "Release Engineering <infrastructure@rockylinux.org>"
 Fingerprint: 7051 C470 A929 F454 CEBE 37B7 15AF 5DAC 6D74 5A60
 From       : /etc/pki/rpm-gpg/RPM-GPG-KEY-rockyofficial
Key imported successfully
Running transaction check
Transaction check succeeded.
Running transaction test
Transaction test succeeded.
Running transaction
  Preparing        :                                                        1/1 
  Installing       : epel-release-8-17.el8.noarch                           1/1 
  Running scriptlet: epel-release-8-17.el8.noarch                           1/1 
Many EPEL packages require the CodeReady Builder (CRB) repository.
It is recommended that you run /usr/bin/crb enable to enable the CRB repository.

  Verifying        : epel-release-8-17.el8.noarch                           1/1 

Installed:
  epel-release-8-17.el8.noarch                                                  

Complete!
Enabling CRB repo
CRB repo is enabled and named: powertools
Rocky Linux 8 - PowerTools                      3.0 MB/s | 2.9 MB     00:00    
Extra Packages for Enterprise Linux 8 - x86_64  237 kB/s |  13 MB     00:56    
Extra Packages for Enterprise Linux Modular 8 - 670 kB/s | 733 kB     00:01    
Dependencies resolved.
================================================================================
 Package         Arch   Version                                 Repo       Size
================================================================================
Installing:
 httpd           x86_64 2.4.37-47.module+el8.6.0+985+b8ff6398.2 appstream 1.4 M
 iftop           x86_64 1.0-0.21.pre4.el8                       epel       59 k
 iperf3          x86_64 3.5-6.el8                               appstream  99 k
 iproute-tc      x86_64 5.15.0-4.el8_6.1                        baseos    463 k
 net-tools       x86_64 2.0-0.52.20160912git.el8                baseos    321 k
 pciutils        x86_64 3.7.0-1.el8                             baseos    104 k
 tcpdump         x86_64 14:4.9.3-3.el8                          appstream 452 k
 vim-enhanced    x86_64 2:8.0.1763-19.el8_6.4                   appstream 1.4 M
Upgrading:
 iproute         x86_64 5.15.0-4.el8_6.1                        baseos    797 k
Installing dependencies:
 apr             x86_64 1.6.3-12.el8                            appstream 128 k
 apr-util        x86_64 1.6.1-6.el8.1                           appstream 104 k
 gpm-libs        x86_64 1.20.7-17.el8                           appstream  38 k
 httpd-filesystem
                 noarch 2.4.37-47.module+el8.6.0+985+b8ff6398.2 appstream  40 k
 httpd-tools     x86_64 2.4.37-47.module+el8.6.0+985+b8ff6398.2 appstream 107 k
 iptables-libs   x86_64 1.8.4-22.el8                            baseos    106 k
 libibverbs      x86_64 37.2-1.el8                              baseos    384 k
 libpcap         x86_64 14:1.9.1-5.el8                          baseos    168 k
 lksctp-tools    x86_64 1.0.18-3.el8                            baseos     98 k
 mailcap         noarch 2.1.48-3.el8                            baseos     38 k
 mod_http2       x86_64 1.15.7-5.module+el8.6.0+823+f143cee1    appstream 153 k
 rocky-logos-httpd
                 noarch 86.2-1.el8                              baseos     24 k
 vim-common      x86_64 2:8.0.1763-19.el8_6.4                   appstream 6.3 M
 vim-filesystem  noarch 2:8.0.1763-19.el8_6.4                   appstream  49 k
Installing weak dependencies:
 apr-util-bdb    x86_64 1.6.1-6.el8.1                           appstream  23 k
 apr-util-openssl
                 x86_64 1.6.1-6.el8.1                           appstream  26 k
Enabling module streams:
 httpd                  2.4                                                    

Transaction Summary
================================================================================
Install  24 Packages
Upgrade   1 Package

Total download size: 13 M
Downloading Packages:
(1/25): apr-util-bdb-1.6.1-6.el8.1.x86_64.rpm    85 kB/s |  23 kB     00:00    
(2/25): apr-util-openssl-1.6.1-6.el8.1.x86_64.r 394 kB/s |  26 kB     00:00    
(3/25): apr-util-1.6.1-6.el8.1.x86_64.rpm       260 kB/s | 104 kB     00:00    
(4/25): apr-1.6.3-12.el8.x86_64.rpm             319 kB/s | 128 kB     00:00    
(5/25): gpm-libs-1.20.7-17.el8.x86_64.rpm       571 kB/s |  38 kB     00:00    
(6/25): httpd-filesystem-2.4.37-47.module+el8.6 597 kB/s |  40 kB     00:00    
(7/25): iperf3-3.5-6.el8.x86_64.rpm             1.5 MB/s |  99 kB     00:00    
(8/25): httpd-tools-2.4.37-47.module+el8.6.0+98 829 kB/s | 107 kB     00:00    
(9/25): mod_http2-1.15.7-5.module+el8.6.0+823+f 2.2 MB/s | 153 kB     00:00    
(10/25): httpd-2.4.37-47.module+el8.6.0+985+b8f 5.4 MB/s | 1.4 MB     00:00    
(11/25): tcpdump-4.9.3-3.el8.x86_64.rpm         3.3 MB/s | 452 kB     00:00    
(12/25): vim-filesystem-8.0.1763-19.el8_6.4.noa 745 kB/s |  49 kB     00:00    
(13/25): vim-enhanced-8.0.1763-19.el8_6.4.x86_6  10 MB/s | 1.4 MB     00:00    
(14/25): vim-common-8.0.1763-19.el8_6.4.x86_64.  18 MB/s | 6.3 MB     00:00    
[MIRROR] iproute-tc-5.15.0-4.el8_6.1.x86_64.rpm: Curl error (7): Couldn't connect to server for http://distro.ibiblio.org/rocky/8.6/BaseOS/x86_64/os/Packages/i/iproute-tc-5.15.0-4.el8_6.1.x86_64.rpm [Failed to connect to distro.ibiblio.org port 80: No route to host]
[MIRROR] iptables-libs-1.8.4-22.el8.x86_64.rpm: Curl error (7): Couldn't connect to server for http://distro.ibiblio.org/rocky/8.6/BaseOS/x86_64/os/Packages/i/iptables-libs-1.8.4-22.el8.x86_64.rpm [Failed to connect to distro.ibiblio.org port 80: No route to host]
[MIRROR] libibverbs-37.2-1.el8.x86_64.rpm: Curl error (7): Couldn't connect to server for http://distro.ibiblio.org/rocky/8.6/BaseOS/x86_64/os/Packages/l/libibverbs-37.2-1.el8.x86_64.rpm [Failed to connect to distro.ibiblio.org port 80: No route to host]
(15/25): iptables-libs-1.8.4-22.el8.x86_64.rpm   29 kB/s | 106 kB     00:03    
(16/25): libibverbs-37.2-1.el8.x86_64.rpm       108 kB/s | 384 kB     00:03    
(17/25): iproute-tc-5.15.0-4.el8_6.1.x86_64.rpm 122 kB/s | 463 kB     00:03    
(18/25): libpcap-1.9.1-5.el8.x86_64.rpm         1.4 MB/s | 168 kB     00:00    
(19/25): lksctp-tools-1.0.18-3.el8.x86_64.rpm   1.7 MB/s |  98 kB     00:00    
(20/25): mailcap-2.1.48-3.el8.noarch.rpm        824 kB/s |  38 kB     00:00    
(21/25): pciutils-3.7.0-1.el8.x86_64.rpm        2.0 MB/s | 104 kB     00:00    
(22/25): rocky-logos-httpd-86.2-1.el8.noarch.rp 527 kB/s |  24 kB     00:00    
(23/25): net-tools-2.0-0.52.20160912git.el8.x86 3.4 MB/s | 321 kB     00:00    
(24/25): iproute-5.15.0-4.el8_6.1.x86_64.rpm    7.7 MB/s | 797 kB     00:00    
[MIRROR] iftop-1.0-0.21.pre4.el8.x86_64.rpm: Curl error (7): Couldn't connect to server for https://mirrors.lug.mtu.edu/epel/8/Everything/x86_64/Packages/i/iftop-1.0-0.21.pre4.el8.x86_64.rpm [Failed to connect to mirrors.lug.mtu.edu port 443: No route to host]
[MIRROR] iftop-1.0-0.21.pre4.el8.x86_64.rpm: Curl error (7): Couldn't connect to server for http://mirrors.lug.mtu.edu/epel/8/Everything/x86_64/Packages/i/iftop-1.0-0.21.pre4.el8.x86_64.rpm [Failed to connect to mirrors.lug.mtu.edu port 80: No route to host]
(25/25): iftop-1.0-0.21.pre4.el8.x86_64.rpm     9.8 kB/s |  59 kB     00:06    
--------------------------------------------------------------------------------
Total                                           1.1 MB/s |  13 MB     00:11     
Extra Packages for Enterprise Linux 8 - x86_64  1.6 MB/s | 1.6 kB     00:00    
Importing GPG key 0x2F86D6A1:
 Userid     : "Fedora EPEL (8) <epel@fedoraproject.org>"
 Fingerprint: 94E2 79EB 8D8F 25B2 1810 ADF1 21EA 45AB 2F86 D6A1
 From       : /etc/pki/rpm-gpg/RPM-GPG-KEY-EPEL-8
Key imported successfully
Running transaction check
Transaction check succeeded.
Running transaction test
Transaction test succeeded.
Running transaction
  Preparing        :                                                        1/1 
  Installing       : apr-1.6.3-12.el8.x86_64                               1/26 
  Running scriptlet: apr-1.6.3-12.el8.x86_64                               1/26 
  Installing       : apr-util-bdb-1.6.1-6.el8.1.x86_64                     2/26 
  Installing       : apr-util-openssl-1.6.1-6.el8.1.x86_64                 3/26 
  Installing       : apr-util-1.6.1-6.el8.1.x86_64                         4/26 
  Running scriptlet: apr-util-1.6.1-6.el8.1.x86_64                         4/26 
  Installing       : httpd-tools-2.4.37-47.module+el8.6.0+985+b8ff6398.    5/26 
  Upgrading        : iproute-5.15.0-4.el8_6.1.x86_64                       6/26 
  Installing       : rocky-logos-httpd-86.2-1.el8.noarch                   7/26 
  Installing       : mailcap-2.1.48-3.el8.noarch                           8/26 
  Installing       : lksctp-tools-1.0.18-3.el8.x86_64                      9/26 
  Running scriptlet: lksctp-tools-1.0.18-3.el8.x86_64                      9/26 
  Installing       : libibverbs-37.2-1.el8.x86_64                         10/26 
  Running scriptlet: libibverbs-37.2-1.el8.x86_64                         10/26 
  Installing       : libpcap-14:1.9.1-5.el8.x86_64                        11/26 
  Installing       : iptables-libs-1.8.4-22.el8.x86_64                    12/26 
  Installing       : vim-filesystem-2:8.0.1763-19.el8_6.4.noarch          13/26 
  Installing       : vim-common-2:8.0.1763-19.el8_6.4.x86_64              14/26 
  Running scriptlet: httpd-filesystem-2.4.37-47.module+el8.6.0+985+b8ff   15/26 
  Installing       : httpd-filesystem-2.4.37-47.module+el8.6.0+985+b8ff   15/26 
  Installing       : mod_http2-1.15.7-5.module+el8.6.0+823+f143cee1.x86   16/26 
  Installing       : httpd-2.4.37-47.module+el8.6.0+985+b8ff6398.2.x86_   17/26 
  Running scriptlet: httpd-2.4.37-47.module+el8.6.0+985+b8ff6398.2.x86_   17/26 
  Installing       : gpm-libs-1.20.7-17.el8.x86_64                        18/26 
  Running scriptlet: gpm-libs-1.20.7-17.el8.x86_64                        18/26 
  Installing       : vim-enhanced-2:8.0.1763-19.el8_6.4.x86_64            19/26 
  Installing       : iproute-tc-5.15.0-4.el8_6.1.x86_64                   20/26 
  Running scriptlet: tcpdump-14:4.9.3-3.el8.x86_64                        21/26 
  Installing       : tcpdump-14:4.9.3-3.el8.x86_64                        21/26 
  Installing       : iftop-1.0-0.21.pre4.el8.x86_64                       22/26 
  Installing       : iperf3-3.5-6.el8.x86_64                              23/26 
  Running scriptlet: iperf3-3.5-6.el8.x86_64                              23/26 
  Installing       : pciutils-3.7.0-1.el8.x86_64                          24/26 
  Installing       : net-tools-2.0-0.52.20160912git.el8.x86_64            25/26 
  Running scriptlet: net-tools-2.0-0.52.20160912git.el8.x86_64            25/26 
  Cleanup          : iproute-5.12.0-4.el8.x86_64                          26/26 
  Running scriptlet: httpd-2.4.37-47.module+el8.6.0+985+b8ff6398.2.x86_   26/26 
  Running scriptlet: iproute-5.12.0-4.el8.x86_64                          26/26 
  Running scriptlet: vim-common-2:8.0.1763-19.el8_6.4.x86_64              26/26 
  Verifying        : apr-1.6.3-12.el8.x86_64                               1/26 
  Verifying        : apr-util-1.6.1-6.el8.1.x86_64                         2/26 
  Verifying        : apr-util-bdb-1.6.1-6.el8.1.x86_64                     3/26 
  Verifying        : apr-util-openssl-1.6.1-6.el8.1.x86_64                 4/26 
  Verifying        : gpm-libs-1.20.7-17.el8.x86_64                         5/26 
  Verifying        : httpd-2.4.37-47.module+el8.6.0+985+b8ff6398.2.x86_    6/26 
  Verifying        : httpd-filesystem-2.4.37-47.module+el8.6.0+985+b8ff    7/26 
  Verifying        : httpd-tools-2.4.37-47.module+el8.6.0+985+b8ff6398.    8/26 
  Verifying        : iperf3-3.5-6.el8.x86_64                               9/26 
  Verifying        : mod_http2-1.15.7-5.module+el8.6.0+823+f143cee1.x86   10/26 
  Verifying        : tcpdump-14:4.9.3-3.el8.x86_64                        11/26 
  Verifying        : vim-common-2:8.0.1763-19.el8_6.4.x86_64              12/26 
  Verifying        : vim-enhanced-2:8.0.1763-19.el8_6.4.x86_64            13/26 
  Verifying        : vim-filesystem-2:8.0.1763-19.el8_6.4.noarch          14/26 
  Verifying        : iproute-tc-5.15.0-4.el8_6.1.x86_64                   15/26 
  Verifying        : iptables-libs-1.8.4-22.el8.x86_64                    16/26 
  Verifying        : libibverbs-37.2-1.el8.x86_64                         17/26 
  Verifying        : libpcap-14:1.9.1-5.el8.x86_64                        18/26 
  Verifying        : lksctp-tools-1.0.18-3.el8.x86_64                     19/26 
  Verifying        : mailcap-2.1.48-3.el8.noarch                          20/26 
  Verifying        : net-tools-2.0-0.52.20160912git.el8.x86_64            21/26 
  Verifying        : pciutils-3.7.0-1.el8.x86_64                          22/26 
  Verifying        : rocky-logos-httpd-86.2-1.el8.noarch                  23/26 
  Verifying        : iftop-1.0-0.21.pre4.el8.x86_64                       24/26 
  Verifying        : iproute-5.15.0-4.el8_6.1.x86_64                      25/26 
  Verifying        : iproute-5.12.0-4.el8.x86_64                          26/26 

Upgraded:
  iproute-5.15.0-4.el8_6.1.x86_64                                               
Installed:
  apr-1.6.3-12.el8.x86_64                                                       
  apr-util-1.6.1-6.el8.1.x86_64                                                 
  apr-util-bdb-1.6.1-6.el8.1.x86_64                                             
  apr-util-openssl-1.6.1-6.el8.1.x86_64                                         
  gpm-libs-1.20.7-17.el8.x86_64                                                 
  httpd-2.4.37-47.module+el8.6.0+985+b8ff6398.2.x86_64                          
  httpd-filesystem-2.4.37-47.module+el8.6.0+985+b8ff6398.2.noarch               
  httpd-tools-2.4.37-47.module+el8.6.0+985+b8ff6398.2.x86_64                    
  iftop-1.0-0.21.pre4.el8.x86_64                                                
  iperf3-3.5-6.el8.x86_64                                                       
  iproute-tc-5.15.0-4.el8_6.1.x86_64                                            
  iptables-libs-1.8.4-22.el8.x86_64                                             
  libibverbs-37.2-1.el8.x86_64                                                  
  libpcap-14:1.9.1-5.el8.x86_64                                                 
  lksctp-tools-1.0.18-3.el8.x86_64                                              
  mailcap-2.1.48-3.el8.noarch                                                   
  mod_http2-1.15.7-5.module+el8.6.0+823+f143cee1.x86_64                         
  net-tools-2.0-0.52.20160912git.el8.x86_64                                     
  pciutils-3.7.0-1.el8.x86_64                                                   
  rocky-logos-httpd-86.2-1.el8.noarch                                           
  tcpdump-14:4.9.3-3.el8.x86_64                                                 
  vim-common-2:8.0.1763-19.el8_6.4.x86_64                                       
  vim-enhanced-2:8.0.1763-19.el8_6.4.x86_64                                     
  vim-filesystem-2:8.0.1763-19.el8_6.4.noarch                                   

Complete!
dev
Last metadata expiration check: 0:00:23 ago on Thu 10 Nov 2022 02:35:45 PM UTC.
Package iproute-tc-5.15.0-4.el8_6.1.x86_64 is already installed.
Dependencies resolved.
Nothing to do.
Complete!
* Applying /usr/lib/sysctl.d/10-default-yama-scope.conf ...
kernel.yama.ptrace_scope = 0
* Applying /usr/lib/sysctl.d/50-coredump.conf ...
kernel.core_pattern = |/usr/lib/systemd/systemd-coredump %P %u %g %s %t %c %h %e
kernel.core_pipe_limit = 16
* Applying /usr/lib/sysctl.d/50-default.conf ...
kernel.sysrq = 16
kernel.core_uses_pid = 1
kernel.kptr_restrict = 1
net.ipv4.conf.all.rp_filter = 1
net.ipv4.conf.all.accept_source_route = 0
net.ipv4.conf.all.promote_secondaries = 1
net.core.default_qdisc = fq_codel
fs.protected_hardlinks = 1
fs.protected_symlinks = 1
* Applying /usr/lib/sysctl.d/50-libkcapi-optmem_max.conf ...
net.core.optmem_max = 81920
* Applying /usr/lib/sysctl.d/50-pid-max.conf ...
kernel.pid_max = 4194304
* Applying /etc/sysctl.d/99-sysctl.conf ...
net.core.rmem_max = 536870912
net.core.wmem_max = 536870912
net.ipv4.tcp_rmem = 4096 87380 536870912
net.ipv4.tcp_wmem = 4096 65536 536870912
net.ipv4.tcp_congestion_control = bbr
net.ipv4.tcp_mtu_probing = 1
net.core.default_qdisc = fq
* Applying /etc/sysctl.conf ...
net.core.rmem_max = 536870912
net.core.wmem_max = 536870912
net.ipv4.tcp_rmem = 4096 87380 536870912
net.ipv4.tcp_wmem = 4096 65536 536870912
net.ipv4.tcp_congestion_control = bbr
net.ipv4.tcp_mtu_probing = 1
net.core.default_qdisc = fq
192.168.1.1
192.168.0.0/16
192.168.0.0
0.0.255.255
eth1:192.168.100.0/24 eth2:192.168.1.0/24 eth3:192.168.101.0/24 eth4:192.168.103.0/24
