3: eth1: <BROADCAST,MULTICAST,UP,LOWER_UP> mtu 1500 qdisc mq state UP group default qlen 1000
    link/ether 02:76:dd:ca:86:30 brd ff:ff:ff:ff:ff:ff
    inet 10.133.129.2/24 scope global eth1
       valid_lft forever preferred_lft forever
    inet 10.133.129.3/24 scope global secondary eth1
       valid_lft forever preferred_lft forever
    inet6 fe80::8de0:d51f:6576:51b8/64 scope link noprefixroute 
       valid_lft forever preferred_lft forever
default via 10.20.4.1 dev eth0 proto dhcp metric 100 
10.20.4.0/23 dev eth0 proto kernel scope link src 10.20.4.200 metric 100 
10.128.0.0/10 via 10.133.129.1 dev eth1 
10.133.129.0/24 dev eth1 proto kernel scope link src 10.133.129.2 
169.254.169.254 via 10.20.4.11 dev eth0 proto dhcp metric 100 
chmod: cannot access './fabric_node_tools/*.sh': No such file or directory
sudo: ./fabric_node_tools/host_tune_redhat.sh: command not found
Rocky Linux 8 - AppStream                       8.0 MB/s |  11 MB     00:01    
Rocky Linux 8 - BaseOS                          1.2 MB/s | 9.0 MB     00:07    
Rocky Linux 8 - Extras                          2.5 kB/s |  12 kB     00:04    
Dependencies resolved.
================================================================================
 Package               Architecture    Version            Repository       Size
================================================================================
Installing:
 epel-release          noarch          8-17.el8           extras           24 k

Transaction Summary
================================================================================
Install  1 Package

Total download size: 24 k
Installed size: 34 k
Downloading Packages:
epel-release-8-17.el8.noarch.rpm                 90 kB/s |  24 kB     00:00    
--------------------------------------------------------------------------------
Total                                            48 kB/s |  24 kB     00:00     
Rocky Linux 8 - Extras                          1.6 MB/s | 1.6 kB     00:00    
Importing GPG key 0x6D745A60:
 Userid     : "Release Engineering <infrastructure@rockylinux.org>"
 Fingerprint: 7051 C470 A929 F454 CEBE 37B7 15AF 5DAC 6D74 5A60
 From       : /etc/pki/rpm-gpg/RPM-GPG-KEY-rockyofficial
Key imported successfully
Running transaction check
Transaction check succeeded.
Running transaction test
Transaction test succeeded.
Running transaction
  Preparing        :                                                        1/1 
  Installing       : epel-release-8-17.el8.noarch                           1/1 
  Running scriptlet: epel-release-8-17.el8.noarch                           1/1 
Many EPEL packages require the CodeReady Builder (CRB) repository.
It is recommended that you run /usr/bin/crb enable to enable the CRB repository.

  Verifying        : epel-release-8-17.el8.noarch                           1/1 

Installed:
  epel-release-8-17.el8.noarch                                                  

Complete!
Enabling CRB repo
CRB repo is enabled and named: powertools
Rocky Linux 8 - PowerTools                      3.2 MB/s | 2.9 MB     00:00    
Extra Packages for Enterprise Linux 8 - x86_64  7.7 MB/s |  13 MB     00:01    
Extra Packages for Enterprise Linux Modular 8 - 663 kB/s | 733 kB     00:01    
Dependencies resolved.
================================================================================
 Package         Arch   Version                                 Repo       Size
================================================================================
Installing:
 httpd           x86_64 2.4.37-47.module+el8.6.0+985+b8ff6398.2 appstream 1.4 M
 iftop           x86_64 1.0-0.21.pre4.el8                       epel       59 k
 iperf3          x86_64 3.5-6.el8                               appstream  99 k
 iproute-tc      x86_64 5.15.0-4.el8_6.1                        baseos    463 k
 net-tools       x86_64 2.0-0.52.20160912git.el8                baseos    321 k
 pciutils        x86_64 3.7.0-1.el8                             baseos    104 k
 tcpdump         x86_64 14:4.9.3-3.el8                          appstream 452 k
 vim-enhanced    x86_64 2:8.0.1763-19.el8_6.4                   appstream 1.4 M
Upgrading:
 iproute         x86_64 5.15.0-4.el8_6.1                        baseos    797 k
Installing dependencies:
 apr             x86_64 1.6.3-12.el8                            appstream 128 k
 apr-util        x86_64 1.6.1-6.el8.1                           appstream 104 k
 gpm-libs        x86_64 1.20.7-17.el8                           appstream  38 k
 httpd-filesystem
                 noarch 2.4.37-47.module+el8.6.0+985+b8ff6398.2 appstream  40 k
 httpd-tools     x86_64 2.4.37-47.module+el8.6.0+985+b8ff6398.2 appstream 107 k
 iptables-libs   x86_64 1.8.4-22.el8                            baseos    106 k
 libibverbs      x86_64 37.2-1.el8                              baseos    384 k
 libpcap         x86_64 14:1.9.1-5.el8                          baseos    168 k
 lksctp-tools    x86_64 1.0.18-3.el8                            baseos     98 k
 mailcap         noarch 2.1.48-3.el8                            baseos     38 k
 mod_http2       x86_64 1.15.7-5.module+el8.6.0+823+f143cee1    appstream 153 k
 rocky-logos-httpd
                 noarch 86.2-1.el8                              baseos     24 k
 vim-common      x86_64 2:8.0.1763-19.el8_6.4                   appstream 6.3 M
 vim-filesystem  noarch 2:8.0.1763-19.el8_6.4                   appstream  49 k
Installing weak dependencies:
 apr-util-bdb    x86_64 1.6.1-6.el8.1                           appstream  23 k
 apr-util-openssl
                 x86_64 1.6.1-6.el8.1                           appstream  26 k
Enabling module streams:
 httpd                  2.4                                                    

Transaction Summary
================================================================================
Install  24 Packages
Upgrade   1 Package

Total download size: 13 M
Downloading Packages:
(1/25): apr-util-bdb-1.6.1-6.el8.1.x86_64.rpm    61 kB/s |  23 kB     00:00    
(2/25): apr-util-1.6.1-6.el8.1.x86_64.rpm       221 kB/s | 104 kB     00:00    
(3/25): apr-util-openssl-1.6.1-6.el8.1.x86_64.r 301 kB/s |  26 kB     00:00    
(4/25): apr-1.6.3-12.el8.x86_64.rpm             258 kB/s | 128 kB     00:00    
(5/25): gpm-libs-1.20.7-17.el8.x86_64.rpm       581 kB/s |  38 kB     00:00    
(6/25): httpd-filesystem-2.4.37-47.module+el8.6 534 kB/s |  40 kB     00:00    
(7/25): httpd-tools-2.4.37-47.module+el8.6.0+98 1.3 MB/s | 107 kB     00:00    
(8/25): iperf3-3.5-6.el8.x86_64.rpm             1.2 MB/s |  99 kB     00:00    
(9/25): mod_http2-1.15.7-5.module+el8.6.0+823+f 2.2 MB/s | 153 kB     00:00    
(10/25): tcpdump-4.9.3-3.el8.x86_64.rpm         2.7 MB/s | 452 kB     00:00    
(11/25): httpd-2.4.37-47.module+el8.6.0+985+b8f 3.9 MB/s | 1.4 MB     00:00    
(12/25): vim-filesystem-8.0.1763-19.el8_6.4.noa 710 kB/s |  49 kB     00:00    
(13/25): vim-enhanced-8.0.1763-19.el8_6.4.x86_6 9.4 MB/s | 1.4 MB     00:00    
(14/25): vim-common-8.0.1763-19.el8_6.4.x86_64.  18 MB/s | 6.3 MB     00:00    
[MIRROR] iproute-tc-5.15.0-4.el8_6.1.x86_64.rpm: Curl error (7): Couldn't connect to server for http://distro.ibiblio.org/rocky/8.6/BaseOS/x86_64/os/Packages/i/iproute-tc-5.15.0-4.el8_6.1.x86_64.rpm [Failed to connect to distro.ibiblio.org port 80: No route to host]
[MIRROR] iptables-libs-1.8.4-22.el8.x86_64.rpm: Curl error (7): Couldn't connect to server for http://distro.ibiblio.org/rocky/8.6/BaseOS/x86_64/os/Packages/i/iptables-libs-1.8.4-22.el8.x86_64.rpm [Failed to connect to distro.ibiblio.org port 80: No route to host]
[MIRROR] libibverbs-37.2-1.el8.x86_64.rpm: Curl error (7): Couldn't connect to server for http://distro.ibiblio.org/rocky/8.6/BaseOS/x86_64/os/Packages/l/libibverbs-37.2-1.el8.x86_64.rpm [Failed to connect to distro.ibiblio.org port 80: No route to host]
[MIRROR] iproute-tc-5.15.0-4.el8_6.1.x86_64.rpm: Curl error (7): Couldn't connect to server for http://mirror.siena.edu/rocky/8.6/BaseOS/x86_64/os/Packages/i/iproute-tc-5.15.0-4.el8_6.1.x86_64.rpm [Failed to connect to mirror.siena.edu port 80: No route to host]
[MIRROR] iptables-libs-1.8.4-22.el8.x86_64.rpm: Curl error (7): Couldn't connect to server for http://mirror.siena.edu/rocky/8.6/BaseOS/x86_64/os/Packages/i/iptables-libs-1.8.4-22.el8.x86_64.rpm [Failed to connect to mirror.siena.edu port 80: No route to host]
[MIRROR] libibverbs-37.2-1.el8.x86_64.rpm: Curl error (7): Couldn't connect to server for http://mirror.siena.edu/rocky/8.6/BaseOS/x86_64/os/Packages/l/libibverbs-37.2-1.el8.x86_64.rpm [Failed to connect to mirror.siena.edu port 80: No route to host]
(15/25): iptables-libs-1.8.4-22.el8.x86_64.rpm   16 kB/s | 106 kB     00:06    
(16/25): libibverbs-37.2-1.el8.x86_64.rpm        56 kB/s | 384 kB     00:06    
(17/25): iproute-tc-5.15.0-4.el8_6.1.x86_64.rpm  66 kB/s | 463 kB     00:07    
[MIRROR] libpcap-1.9.1-5.el8.x86_64.rpm: Curl error (7): Couldn't connect to server for http://mirror.siena.edu/rocky/8.6/BaseOS/x86_64/os/Packages/l/libpcap-1.9.1-5.el8.x86_64.rpm [Failed to connect to mirror.siena.edu port 80: No route to host]
[MIRROR] lksctp-tools-1.0.18-3.el8.x86_64.rpm: Curl error (7): Couldn't connect to server for http://mirror.siena.edu/rocky/8.6/BaseOS/x86_64/os/Packages/l/lksctp-tools-1.0.18-3.el8.x86_64.rpm [Failed to connect to mirror.siena.edu port 80: No route to host]
[MIRROR] mailcap-2.1.48-3.el8.noarch.rpm: Curl error (7): Couldn't connect to server for http://mirror.siena.edu/rocky/8.6/BaseOS/x86_64/os/Packages/m/mailcap-2.1.48-3.el8.noarch.rpm [Failed to connect to mirror.siena.edu port 80: No route to host]
(18/25): mailcap-2.1.48-3.el8.noarch.rpm         16 kB/s |  38 kB     00:02    
(19/25): lksctp-tools-1.0.18-3.el8.x86_64.rpm    38 kB/s |  98 kB     00:02    
(20/25): libpcap-1.9.1-5.el8.x86_64.rpm          63 kB/s | 168 kB     00:02    
(21/25): pciutils-3.7.0-1.el8.x86_64.rpm        1.5 MB/s | 104 kB     00:00    
(22/25): rocky-logos-httpd-86.2-1.el8.noarch.rp 357 kB/s |  24 kB     00:00    
(23/25): net-tools-2.0-0.52.20160912git.el8.x86 1.6 MB/s | 321 kB     00:00    
(24/25): iproute-5.15.0-4.el8_6.1.x86_64.rpm    3.8 MB/s | 797 kB     00:00    
(25/25): iftop-1.0-0.21.pre4.el8.x86_64.rpm     169 kB/s |  59 kB     00:00    
--------------------------------------------------------------------------------
Total                                           1.1 MB/s |  13 MB     00:11     
Extra Packages for Enterprise Linux 8 - x86_64  1.6 MB/s | 1.6 kB     00:00    
Importing GPG key 0x2F86D6A1:
 Userid     : "Fedora EPEL (8) <epel@fedoraproject.org>"
 Fingerprint: 94E2 79EB 8D8F 25B2 1810 ADF1 21EA 45AB 2F86 D6A1
 From       : /etc/pki/rpm-gpg/RPM-GPG-KEY-EPEL-8
Key imported successfully
Running transaction check
Transaction check succeeded.
Running transaction test
Transaction test succeeded.
Running transaction
  Preparing        :                                                        1/1 
  Installing       : apr-1.6.3-12.el8.x86_64                               1/26 
  Running scriptlet: apr-1.6.3-12.el8.x86_64                               1/26 
  Installing       : apr-util-bdb-1.6.1-6.el8.1.x86_64                     2/26 
  Installing       : apr-util-openssl-1.6.1-6.el8.1.x86_64                 3/26 
  Installing       : apr-util-1.6.1-6.el8.1.x86_64                         4/26 
  Running scriptlet: apr-util-1.6.1-6.el8.1.x86_64                         4/26 
  Installing       : httpd-tools-2.4.37-47.module+el8.6.0+985+b8ff6398.    5/26 
  Upgrading        : iproute-5.15.0-4.el8_6.1.x86_64                       6/26 
  Installing       : rocky-logos-httpd-86.2-1.el8.noarch                   7/26 
  Installing       : mailcap-2.1.48-3.el8.noarch                           8/26 
  Installing       : lksctp-tools-1.0.18-3.el8.x86_64                      9/26 
  Running scriptlet: lksctp-tools-1.0.18-3.el8.x86_64                      9/26 
  Installing       : libibverbs-37.2-1.el8.x86_64                         10/26 
  Running scriptlet: libibverbs-37.2-1.el8.x86_64                         10/26 
  Installing       : libpcap-14:1.9.1-5.el8.x86_64                        11/26 
  Installing       : iptables-libs-1.8.4-22.el8.x86_64                    12/26 
  Installing       : vim-filesystem-2:8.0.1763-19.el8_6.4.noarch          13/26 
  Installing       : vim-common-2:8.0.1763-19.el8_6.4.x86_64              14/26 
  Running scriptlet: httpd-filesystem-2.4.37-47.module+el8.6.0+985+b8ff   15/26 
  Installing       : httpd-filesystem-2.4.37-47.module+el8.6.0+985+b8ff   15/26 
  Installing       : mod_http2-1.15.7-5.module+el8.6.0+823+f143cee1.x86   16/26 
  Installing       : httpd-2.4.37-47.module+el8.6.0+985+b8ff6398.2.x86_   17/26 
  Running scriptlet: httpd-2.4.37-47.module+el8.6.0+985+b8ff6398.2.x86_   17/26 
  Installing       : gpm-libs-1.20.7-17.el8.x86_64                        18/26 
  Running scriptlet: gpm-libs-1.20.7-17.el8.x86_64                        18/26 
  Installing       : vim-enhanced-2:8.0.1763-19.el8_6.4.x86_64            19/26 
  Installing       : iproute-tc-5.15.0-4.el8_6.1.x86_64                   20/26 
  Running scriptlet: tcpdump-14:4.9.3-3.el8.x86_64                        21/26 
  Installing       : tcpdump-14:4.9.3-3.el8.x86_64                        21/26 
  Installing       : iftop-1.0-0.21.pre4.el8.x86_64                       22/26 
  Installing       : iperf3-3.5-6.el8.x86_64                              23/26 
  Running scriptlet: iperf3-3.5-6.el8.x86_64                              23/26 
  Installing       : pciutils-3.7.0-1.el8.x86_64                          24/26 
  Installing       : net-tools-2.0-0.52.20160912git.el8.x86_64            25/26 
  Running scriptlet: net-tools-2.0-0.52.20160912git.el8.x86_64            25/26 
  Cleanup          : iproute-5.12.0-4.el8.x86_64                          26/26 
  Running scriptlet: httpd-2.4.37-47.module+el8.6.0+985+b8ff6398.2.x86_   26/26 
  Running scriptlet: iproute-5.12.0-4.el8.x86_64                          26/26 
  Running scriptlet: vim-common-2:8.0.1763-19.el8_6.4.x86_64              26/26 
  Verifying        : apr-1.6.3-12.el8.x86_64                               1/26 
  Verifying        : apr-util-1.6.1-6.el8.1.x86_64                         2/26 
  Verifying        : apr-util-bdb-1.6.1-6.el8.1.x86_64                     3/26 
  Verifying        : apr-util-openssl-1.6.1-6.el8.1.x86_64                 4/26 
  Verifying        : gpm-libs-1.20.7-17.el8.x86_64                         5/26 
  Verifying        : httpd-2.4.37-47.module+el8.6.0+985+b8ff6398.2.x86_    6/26 
  Verifying        : httpd-filesystem-2.4.37-47.module+el8.6.0+985+b8ff    7/26 
  Verifying        : httpd-tools-2.4.37-47.module+el8.6.0+985+b8ff6398.    8/26 
  Verifying        : iperf3-3.5-6.el8.x86_64                               9/26 
  Verifying        : mod_http2-1.15.7-5.module+el8.6.0+823+f143cee1.x86   10/26 
  Verifying        : tcpdump-14:4.9.3-3.el8.x86_64                        11/26 
  Verifying        : vim-common-2:8.0.1763-19.el8_6.4.x86_64              12/26 
  Verifying        : vim-enhanced-2:8.0.1763-19.el8_6.4.x86_64            13/26 
  Verifying        : vim-filesystem-2:8.0.1763-19.el8_6.4.noarch          14/26 
  Verifying        : iproute-tc-5.15.0-4.el8_6.1.x86_64                   15/26 
  Verifying        : iptables-libs-1.8.4-22.el8.x86_64                    16/26 
  Verifying        : libibverbs-37.2-1.el8.x86_64                         17/26 
  Verifying        : libpcap-14:1.9.1-5.el8.x86_64                        18/26 
  Verifying        : lksctp-tools-1.0.18-3.el8.x86_64                     19/26 
  Verifying        : mailcap-2.1.48-3.el8.noarch                          20/26 
  Verifying        : net-tools-2.0-0.52.20160912git.el8.x86_64            21/26 
  Verifying        : pciutils-3.7.0-1.el8.x86_64                          22/26 
  Verifying        : rocky-logos-httpd-86.2-1.el8.noarch                  23/26 
  Verifying        : iftop-1.0-0.21.pre4.el8.x86_64                       24/26 
  Verifying        : iproute-5.15.0-4.el8_6.1.x86_64                      25/26 
  Verifying        : iproute-5.12.0-4.el8.x86_64                          26/26 

Upgraded:
  iproute-5.15.0-4.el8_6.1.x86_64                                               
Installed:
  apr-1.6.3-12.el8.x86_64                                                       
  apr-util-1.6.1-6.el8.1.x86_64                                                 
  apr-util-bdb-1.6.1-6.el8.1.x86_64                                             
  apr-util-openssl-1.6.1-6.el8.1.x86_64                                         
  gpm-libs-1.20.7-17.el8.x86_64                                                 
  httpd-2.4.37-47.module+el8.6.0+985+b8ff6398.2.x86_64                          
  httpd-filesystem-2.4.37-47.module+el8.6.0+985+b8ff6398.2.noarch               
  httpd-tools-2.4.37-47.module+el8.6.0+985+b8ff6398.2.x86_64                    
  iftop-1.0-0.21.pre4.el8.x86_64                                                
  iperf3-3.5-6.el8.x86_64                                                       
  iproute-tc-5.15.0-4.el8_6.1.x86_64                                            
  iptables-libs-1.8.4-22.el8.x86_64                                             
  libibverbs-37.2-1.el8.x86_64                                                  
  libpcap-14:1.9.1-5.el8.x86_64                                                 
  lksctp-tools-1.0.18-3.el8.x86_64                                              
  mailcap-2.1.48-3.el8.noarch                                                   
  mod_http2-1.15.7-5.module+el8.6.0+823+f143cee1.x86_64                         
  net-tools-2.0-0.52.20160912git.el8.x86_64                                     
  pciutils-3.7.0-1.el8.x86_64                                                   
  rocky-logos-httpd-86.2-1.el8.noarch                                           
  tcpdump-14:4.9.3-3.el8.x86_64                                                 
  vim-common-2:8.0.1763-19.el8_6.4.x86_64                                       
  vim-enhanced-2:8.0.1763-19.el8_6.4.x86_64                                     
  vim-filesystem-2:8.0.1763-19.el8_6.4.noarch                                   

Complete!
Created symlink /etc/systemd/system/multi-user.target.wants/httpd.service → /usr/lib/systemd/system/httpd.service.
● httpd.service - The Apache HTTP Server
   Loaded: loaded (/usr/lib/systemd/system/httpd.service; enabled; vendor preset: disabled)
   Active: reloading (reload) since Mon 2022-11-14 15:29:40 UTC; 140ms ago
     Docs: man:httpd.service(8)
 Main PID: 14831 (httpd)
   Status: "Reading configuration..."
    Tasks: 1 (limit: 204090)
   Memory: 3.8M
   CGroup: /system.slice/httpd.service
           └─14831 /usr/sbin/httpd -DFOREGROUND

Nov 14 15:29:40 c6b4fcd5-ffd3-4c7f-8d16-1ccc5f2fb582-dall1.novalocal systemd[1]: Starting The Apache HTTP Server...
Nov 14 15:29:40 c6b4fcd5-ffd3-4c7f-8d16-1ccc5f2fb582-dall1.novalocal systemd[1]: Started The Apache HTTP Server.
